-------------------------------------------------------------------------------
Test set: TestSuite
-------------------------------------------------------------------------------
Tests run: 2, Failures: 1, Errors: 0, Skipped: 1, Time elapsed: 0.515 s <<< FAILURE! - in TestSuite
getData(GoogleAPI.Creating_And_Deleting)  Time elapsed: 0.404 s  <<< FAILURE!
java.io.FileNotFoundException: C:\Users\Jabed\git\P103\Bank\Bank\src\main\java\File\Env.properties (The system cannot find the path specified)
	at GoogleAPI.Creating_And_Deleting.getData(Creating_And_Deleting.java:29)

