<?xml version="1.0" encoding="UTF-8"?>
<testng-results skipped="0" failed="0" ignored="0" total="1" passed="1">
  <reporter-output>
  </reporter-output>
  <suite name="Suite" duration-ms="4108" started-at="2019-02-24T03:17:22Z" finished-at="2019-02-24T03:17:26Z">
    <groups>
    </groups>
    <test name="Test" duration-ms="4108" started-at="2019-02-24T03:17:22Z" finished-at="2019-02-24T03:17:26Z">
      <class name="GoogleAPI.Creating_And_Deleting">
        <test-method status="PASS" signature="getData()[pri:0, instance:GoogleAPI.Creating_And_Deleting@13c78c0b]" name="getData" is-config="true" duration-ms="11" started-at="2019-02-23T22:17:22Z" finished-at="2019-02-23T22:17:22Z">
          <reporter-output>
          </reporter-output>
        </test-method> <!-- getData -->
        <test-method status="PASS" signature="Creating_Place()[pri:0, instance:GoogleAPI.Creating_And_Deleting@13c78c0b]" name="Creating_Place" duration-ms="4074" started-at="2019-02-23T22:17:22Z" finished-at="2019-02-23T22:17:26Z">
          <reporter-output>
          </reporter-output>
        </test-method> <!-- Creating_Place -->
      </class> <!-- GoogleAPI.Creating_And_Deleting -->
    </test> <!-- Test -->
  </suite> <!-- Suite -->
</testng-results>
