<?xml version="1.0" encoding="UTF-8"?>
<!-- Generated by org.testng.reporters.JUnitXMLReporter -->
<testsuite hostname="DESKTOP-5DIGRH6" ignored="0" name="Test" tests="1" failures="0" timestamp="24 Feb 2019 03:36:14 GMT" time="0.068" errors="0">
  <testcase name="@BeforeTest getData" time="0.011" classname="GoogleAPI.Creating_And_Deleting">
    <failure type="java.io.FileNotFoundException" message="C:\Users\Jabed\git\P103\Bank\Bank\src\main\java\File\Env.properties (The system cannot find the path specified)">
      <![CDATA[java.io.FileNotFoundException: C:\Users\Jabed\git\P103\Bank\Bank\src\main\java\File\Env.properties (The system cannot find the path specified)
	at java.io.FileInputStream.open0(Native Method)
	at java.io.FileInputStream.open(FileInputStream.java:195)
	at java.io.FileInputStream.<init>(FileInputStream.java:138)
	at java.io.FileInputStream.<init>(FileInputStream.java:93)
	at GoogleAPI.Creating_And_Deleting.getData(Creating_And_Deleting.java:29)
... Removed 27 stack frames]]>
    </failure>
  </testcase> <!-- @BeforeTest getData -->
  <testcase name="Creating_Place" time="0.0" classname="GoogleAPI.Creating_And_Deleting">
    <skipped/>
  </testcase> <!-- Creating_Place -->
</testsuite> <!-- Test -->
