<?xml version="1.0" encoding="UTF-8"?>
<testng-results skipped="0" failed="0" ignored="0" total="1" passed="1">
  <reporter-output>
  </reporter-output>
  <suite name="Suite" duration-ms="13574" started-at="2019-01-27T09:50:45Z" finished-at="2019-01-27T09:50:58Z">
    <groups>
    </groups>
    <test name="Test" duration-ms="13574" started-at="2019-01-27T09:50:45Z" finished-at="2019-01-27T09:50:58Z">
      <class name="SMB.LandingPage">
        <test-method status="PASS" signature="HomePage_Tittle_Validation()[pri:0, instance:SMB.LandingPage@724af044]" name="HomePage_Tittle_Validation" duration-ms="13540" started-at="2019-01-27T09:50:45Z" finished-at="2019-01-27T09:50:58Z">
          <reporter-output>
          </reporter-output>
        </test-method> <!-- HomePage_Tittle_Validation -->
      </class> <!-- SMB.LandingPage -->
    </test> <!-- Test -->
  </suite> <!-- Suite -->
</testng-results>
